Commencing CoreCLR Repo build
Cleaning previous output for the selected configuration
Setting up directories for build
Checking prerequisites...
Laying out dynamically generated files consumed by the build system 
Laying out dynamically generated Event Logging Test files
Generating Event Logging Tests
Laying out dynamically generated Event Logging Implementation of Lttng
Cleaning the temp folder of dynamically generated Event Logging files
Updating /home/david/git/coreclr/bin/obj/Linux.x64.Debug/Generated/eventprovider with /home/david/git/coreclr/bin/obj/Linux.x64.Debug/Generated/eventprovider_new
Updating /home/david/git/coreclr/bin/obj/Linux.x64.Debug/Generated/eventprovider/lttng
Updating /home/david/git/coreclr/bin/obj/Linux.x64.Debug/Generated/eventprovider/tests
Updating /home/david/git/coreclr/bin/obj/Linux.x64.Debug/Generated/eventprovider/CMakeLists.txt
Updating /home/david/git/coreclr/bin/obj/Linux.x64.Debug/Generated/eventprovider/tracepointprovider
Commencing build of native components for Linux.x64.Debug in /home/david/git/coreclr/bin/obj/Linux.x64.Debug
Invoking "/home/david/git/coreclr/src/pal/tools/gen-buildsys-clang.sh" "/home/david/git/coreclr" 3 5 x64 Debug  Include_Tests  
Including tests directory in build.
Re-run cmake no build system arguments
-- The C compiler identification is Clang 3.8.0
-- The CXX compiler identification is Clang 3.8.0
-- Check for working C compiler: /usr/bin/clang
-- Check for working C compiler: /usr/bin/clang -- works
-- Detecting C compiler ABI info
-- Detecting C compiler ABI info - done
-- Detecting C compile features
-- Detecting C compile features - done
-- Check for working CXX compiler: /usr/bin/clang++
-- Check for working CXX compiler: /usr/bin/clang++ -- works
-- Detecting CXX compiler ABI info
-- Detecting CXX compiler ABI info - done
-- Detecting CXX compile features
-- Detecting CXX compile features - done
-- The ASM compiler identification is Clang
-- Found assembler: /usr/bin/clang
-- Performing Test HAVE_UDAT_STANDALONE_SHORTER_WEEKDAYS
-- Performing Test HAVE_UDAT_STANDALONE_SHORTER_WEEKDAYS - Success
-- Looking for ucol_setMaxVariable
-- Looking for ucol_setMaxVariable - found
-- LLDB: /usr/lib64/liblldb.so
-- LLDB_H: /usr/include
-- Looking for include file ieeefp.h
-- Looking for include file ieeefp.h - not found
-- Looking for include file sys/vmparam.h
-- Looking for include file sys/vmparam.h - not found
-- Looking for include file mach/vm_types.h
-- Looking for include file mach/vm_types.h - not found
-- Looking for include file mach/vm_param.h
-- Looking for include file mach/vm_param.h - not found
-- Looking for 3 include files sys/param.h, ..., machine/npx.h
-- Looking for 3 include files sys/param.h, ..., machine/npx.h - not found
-- Looking for 3 include files sys/param.h, ..., machine/reg.h
-- Looking for 3 include files sys/param.h, ..., machine/reg.h - not found
-- Looking for include file machine/vmparam.h
-- Looking for include file machine/vmparam.h - not found
-- Looking for include file procfs.h
-- Looking for include file procfs.h - not found
-- Looking for include file crt_externs.h
-- Looking for include file crt_externs.h - not found
-- Looking for include file sys/time.h
-- Looking for include file sys/time.h - found
-- Looking for include file pthread_np.h
-- Looking for include file pthread_np.h - not found
-- Looking for include file sys/lwp.h
-- Looking for include file sys/lwp.h - not found
-- Looking for include file lwp.h
-- Looking for include file lwp.h - not found
-- Looking for include file libunwind.h
-- Looking for include file libunwind.h - found
-- Looking for include file runetype.h
-- Looking for include file runetype.h - not found
-- Looking for include file lttng/tracepoint.h
-- Looking for include file lttng/tracepoint.h - found
-- Looking for include file uuid/uuid.h
-- Looking for include file uuid/uuid.h - found
-- Looking for kqueue
-- Looking for kqueue - not found
-- Looking for getpwuid_r
-- Looking for getpwuid_r - found
-- Looking for pthread_suspend in pthread
-- Looking for pthread_suspend in pthread - not found
-- Looking for pthread_suspend_np in pthread
-- Looking for pthread_suspend_np in pthread - not found
-- Looking for pthread_continue in pthread
-- Looking for pthread_continue in pthread - not found
-- Looking for pthread_continue_np in pthread
-- Looking for pthread_continue_np in pthread - not found
-- Looking for pthread_resume_np in pthread
-- Looking for pthread_resume_np in pthread - not found
-- Looking for pthread_attr_get_np in pthread
-- Looking for pthread_attr_get_np in pthread - not found
-- Looking for pthread_getattr_np in pthread
-- Looking for pthread_getattr_np in pthread - found
-- Looking for pthread_getcpuclockid in pthread
-- Looking for pthread_getcpuclockid in pthread - found
-- Looking for pthread_sigqueue in pthread
-- Looking for pthread_sigqueue in pthread - found
-- Looking for sigreturn
-- Looking for sigreturn - found
-- Looking for _thread_sys_sigreturn
-- Looking for _thread_sys_sigreturn - not found
-- Looking for copysign
-- Looking for copysign - found
-- Looking for fsync
-- Looking for fsync - found
-- Looking for futimes
-- Looking for futimes - found
-- Looking for utimes
-- Looking for utimes - found
-- Looking for sysctl
-- Looking for sysctl - found
-- Looking for sysconf
-- Looking for sysconf - found
-- Looking for localtime_r
-- Looking for localtime_r - found
-- Looking for gmtime_r
-- Looking for gmtime_r - found
-- Looking for timegm
-- Looking for timegm - found
-- Looking for _snwprintf
-- Looking for _snwprintf - not found
-- Looking for poll
-- Looking for poll - found
-- Looking for statvfs
-- Looking for statvfs - found
-- Looking for thread_self
-- Looking for thread_self - not found
-- Looking for _lwp_self
-- Looking for _lwp_self - not found
-- Looking for pthread_mach_thread_np
-- Looking for pthread_mach_thread_np - not found
-- Looking for thread_set_exception_ports
-- Looking for thread_set_exception_ports - not found
-- Looking for vm_allocate
-- Looking for vm_allocate - not found
-- Looking for vm_read
-- Looking for vm_read - not found
-- Looking for directio
-- Looking for directio - not found
-- Looking for semget
-- Looking for semget - found
-- Looking for pthread_mutex_init
-- Looking for pthread_mutex_init - found
-- Looking for ttrace
-- Looking for ttrace - not found
-- Performing Test HAVE_UNW_GET_SAVE_LOC
-- Performing Test HAVE_UNW_GET_SAVE_LOC - Success
-- Performing Test HAVE_UNW_GET_ACCESSORS
-- Performing Test HAVE_UNW_GET_ACCESSORS - Success
-- Performing Test HAVE_STAT_TIMESPEC
-- Performing Test HAVE_STAT_TIMESPEC - Failed
-- Performing Test HAVE_STAT_NSEC
-- Performing Test HAVE_STAT_NSEC - Failed
-- Performing Test HAVE_TM_GMTOFF
-- Performing Test HAVE_TM_GMTOFF - Success
-- Performing Test HAVE_GREGSET_T
-- Performing Test HAVE_GREGSET_T - Success
-- Performing Test HAVE___GREGSET_T
-- Performing Test HAVE___GREGSET_T - Failed
-- Looking for sys/types.h
-- Looking for sys/types.h - found
-- Looking for stdint.h
-- Looking for stdint.h - found
-- Looking for stddef.h
-- Looking for stddef.h - found
-- Check size of struct reg
-- Check size of struct reg - failed
-- Check size of struct pt_regs
-- Check size of struct pt_regs - done
-- Check size of siginfo_t
-- Check size of siginfo_t - done
-- Check size of ucontext_t
-- Check size of ucontext_t - done
-- Check size of pthread_rwlock_t
-- Check size of pthread_rwlock_t - done
-- Check size of prwatch_t
-- Check size of prwatch_t - failed
-- Check size of off_t
-- Check size of off_t - done
-- Looking for SYS_yield
-- Looking for SYS_yield - not found
-- Looking for INFTIM
-- Looking for INFTIM - not found
-- Looking for CHAR_BIT
-- Looking for CHAR_BIT - found
-- Looking for _DEBUG
-- Looking for _DEBUG - not found
-- Looking for _SC_PHYS_PAGES
-- Looking for _SC_PHYS_PAGES - found
-- Looking for _SC_AVPHYS_PAGES
-- Looking for _SC_AVPHYS_PAGES - found
-- Performing Test HAVE_BSD_UUID_H
-- Performing Test HAVE_BSD_UUID_H - Failed
-- Performing Test REALPATH_SUPPORTS_NONEXISTENT_FILES
-- Performing Test REALPATH_SUPPORTS_NONEXISTENT_FILES - Failed
-- Performing Test SSCANF_SUPPORT_ll
-- Performing Test SSCANF_SUPPORT_ll - Success
-- Performing Test SSCANF_CANNOT_HANDLE_MISSING_EXPONENT
-- Performing Test SSCANF_CANNOT_HANDLE_MISSING_EXPONENT - Failed
-- Performing Test HAVE_LARGE_SNPRINTF_SUPPORT
-- Performing Test HAVE_LARGE_SNPRINTF_SUPPORT - Success
-- Performing Test HAVE_BROKEN_FIFO_SELECT
-- Performing Test HAVE_BROKEN_FIFO_SELECT - Failed
-- Performing Test HAVE_BROKEN_FIFO_KEVENT
-- Performing Test HAVE_BROKEN_FIFO_KEVENT - Failed
-- Performing Test HAVE_SCHED_GET_PRIORITY
-- Performing Test HAVE_SCHED_GET_PRIORITY - Success
-- Performing Test HAVE_SCHED_GETCPU
-- Performing Test HAVE_SCHED_GETCPU - Success
-- Performing Test HAVE_WORKING_GETTIMEOFDAY
-- Performing Test HAVE_WORKING_GETTIMEOFDAY - Success
-- Performing Test HAVE_WORKING_CLOCK_GETTIME
-- Performing Test HAVE_WORKING_CLOCK_GETTIME - Success
-- Performing Test HAVE_CLOCK_MONOTONIC
-- Performing Test HAVE_CLOCK_MONOTONIC - Success
-- Performing Test HAVE_CLOCK_MONOTONIC_COARSE
-- Performing Test HAVE_CLOCK_MONOTONIC_COARSE - Success
-- Performing Test HAVE_MACH_ABSOLUTE_TIME
-- Performing Test HAVE_MACH_ABSOLUTE_TIME - Failed
-- Performing Test HAVE_CLOCK_THREAD_CPUTIME
-- Performing Test HAVE_CLOCK_THREAD_CPUTIME - Success
-- Performing Test HAVE_MMAP_DEV_ZERO
-- Performing Test HAVE_MMAP_DEV_ZERO - Success
-- Performing Test MMAP_IGNORES_HINT
-- Performing Test MMAP_IGNORES_HINT - Failed
-- Performing Test MMAP_ANON_IGNORES_PROTECTION
-- Performing Test MMAP_ANON_IGNORES_PROTECTION - Failed
-- Performing Test MMAP_DOESNOT_ALLOW_REMAP
-- Performing Test MMAP_DOESNOT_ALLOW_REMAP - Failed
-- Performing Test ONE_SHARED_MAPPING_PER_FILEREGION_PER_PROCESS
-- Performing Test ONE_SHARED_MAPPING_PER_FILEREGION_PER_PROCESS - Failed
-- Performing Test PTHREAD_CREATE_MODIFIES_ERRNO
-- Performing Test PTHREAD_CREATE_MODIFIES_ERRNO - Failed
-- Performing Test SEM_INIT_MODIFIES_ERRNO
-- Performing Test SEM_INIT_MODIFIES_ERRNO - Failed
-- Performing Test HAVE_PROCFS_CTL
-- Performing Test HAVE_PROCFS_CTL - Failed
-- Performing Test HAVE_COMPATIBLE_ACOS
-- Performing Test HAVE_COMPATIBLE_ACOS - Success
-- Performing Test HAVE_COMPATIBLE_ASIN
-- Performing Test HAVE_COMPATIBLE_ASIN - Success
-- Performing Test HAVE_COMPATIBLE_POW
-- Performing Test HAVE_COMPATIBLE_POW - Failed
-- Performing Test HAVE_VALID_NEGATIVE_INF_POW
-- Performing Test HAVE_VALID_NEGATIVE_INF_POW - Success
-- Performing Test HAVE_VALID_POSITIVE_INF_POW
-- Performing Test HAVE_VALID_POSITIVE_INF_POW - Success
-- Performing Test HAVE_COMPATIBLE_ATAN2
-- Performing Test HAVE_COMPATIBLE_ATAN2 - Success
-- Performing Test HAVE_COMPATIBLE_EXP
-- Performing Test HAVE_COMPATIBLE_EXP - Failed
-- Performing Test HAVE_COMPATIBLE_LOG
-- Performing Test HAVE_COMPATIBLE_LOG - Success
-- Performing Test HAVE_COMPATIBLE_LOG10
-- Performing Test HAVE_COMPATIBLE_LOG10 - Success
-- Performing Test UNGETC_NOT_RETURN_EOF
-- Performing Test UNGETC_NOT_RETURN_EOF - Success
-- Performing Test HAS_POSIX_SEMAPHORES
-- Performing Test HAS_POSIX_SEMAPHORES - Success
-- Performing Test GETPWUID_R_SETS_ERRNO
-- Performing Test GETPWUID_R_SETS_ERRNO - Success
-- Performing Test FILE_OPS_CHECK_FERROR_OF_PREVIOUS_CALL
-- Performing Test FILE_OPS_CHECK_FERROR_OF_PREVIOUS_CALL - Failed
-- Performing Test UNWIND_CONTEXT_IS_UCONTEXT_T
-- Performing Test UNWIND_CONTEXT_IS_UCONTEXT_T - Success
-- Performing Test HAVE_FULLY_FEATURED_PTHREAD_MUTEXES
-- Performing Test HAVE_FULLY_FEATURED_PTHREAD_MUTEXES - Success
-- Configuring done
-- Generating done
-- Build files have been written to: /home/david/git/coreclr/bin/obj/Linux.x64.Debug
Executing make install -j 2 
/usr/bin/cmake -H/home/david/git/coreclr -B/home/david/git/coreclr/bin/obj/Linux.x64.Debug --check-build-system CMakeFiles/Makefile.cmake 0
/usr/bin/cmake -E cmake_progress_start /home/david/git/coreclr/bin/obj/Linux.x64.Debug/CMakeFiles /home/david/git/coreclr/bin/obj/Linux.x64.Debug/CMakeFiles/progress.marks
make -f CMakeFiles/Makefile2 all
make[1]: Entering directory '/home/david/git/coreclr/bin/obj/Linux.x64.Debug'
make -f src/corefx/System.Globalization.Native/CMakeFiles/System.Globalization.Native.dir/build.make src/corefx/System.Globalization.Native/CMakeFiles/System.Globalization.Native.dir/depend
make -f src/CMakeFiles/GeneratedEventingFiles.dir/build.make src/CMakeFiles/GeneratedEventingFiles.dir/depend
make[2]: Entering directory '/home/david/git/coreclr/bin/obj/Linux.x64.Debug'
cd /home/david/git/coreclr/bin/obj/Linux.x64.Debug && /usr/bin/cmake -E cmake_depends "Unix Makefiles" /home/david/git/coreclr /home/david/git/coreclr/src/corefx/System.Globalization.Native /home/david/git/coreclr/bin/obj/Linux.x64.Debug /home/david/git/coreclr/bin/obj/Linux.x64.Debug/src/corefx/System.Globalization.Native /home/david/git/coreclr/bin/obj/Linux.x64.Debug/src/corefx/System.Globalization.Native/CMakeFiles/System.Globalization.Native.dir/DependInfo.cmake --color=
make[2]: Entering directory '/home/david/git/coreclr/bin/obj/Linux.x64.Debug'
cd /home/david/git/coreclr/bin/obj/Linux.x64.Debug && /usr/bin/cmake -E cmake_depends "Unix Makefiles" /home/david/git/coreclr /home/david/git/coreclr/src /home/david/git/coreclr/bin/obj/Linux.x64.Debug /home/david/git/coreclr/bin/obj/Linux.x64.Debug/src /home/david/git/coreclr/bin/obj/Linux.x64.Debug/src/CMakeFiles/GeneratedEventingFiles.dir/DependInfo.cmake --color=
Dependee "/home/david/git/coreclr/bin/obj/Linux.x64.Debug/src/corefx/System.Globalization.Native/CMakeFiles/System.Globalization.Native.dir/DependInfo.cmake" is newer than depender "/home/david/git/coreclr/bin/obj/Linux.x64.Debug/src/corefx/System.Globalization.Native/CMakeFiles/System.Globalization.Native.dir/depend.internal".
Dependee "/home/david/git/coreclr/bin/obj/Linux.x64.Debug/src/corefx/System.Globalization.Native/CMakeFiles/CMakeDirectoryInformation.cmake" is newer than depender "/home/david/git/coreclr/bin/obj/Linux.x64.Debug/src/corefx/System.Globalization.Native/CMakeFiles/System.Globalization.Native.dir/depend.internal".
Dependee "/home/david/git/coreclr/bin/obj/Linux.x64.Debug/src/CMakeFiles/GeneratedEventingFiles.dir/DependInfo.cmake" is newer than depender "/home/david/git/coreclr/bin/obj/Linux.x64.Debug/src/CMakeFiles/GeneratedEventingFiles.dir/depend.internal".
Dependee "/home/david/git/coreclr/bin/obj/Linux.x64.Debug/src/CMakeFiles/CMakeDirectoryInformation.cmake" is newer than depender "/home/david/git/coreclr/bin/obj/Linux.x64.Debug/src/CMakeFiles/GeneratedEventingFiles.dir/depend.internal".
Scanning dependencies of target GeneratedEventingFiles
make[2]: Leaving directory '/home/david/git/coreclr/bin/obj/Linux.x64.Debug'
make -f src/CMakeFiles/GeneratedEventingFiles.dir/build.make src/CMakeFiles/GeneratedEventingFiles.dir/build
Scanning dependencies of target System.Globalization.Native
make[2]: Leaving directory '/home/david/git/coreclr/bin/obj/Linux.x64.Debug'
make -f src/corefx/System.Globalization.Native/CMakeFiles/System.Globalization.Native.dir/build.make src/corefx/System.Globalization.Native/CMakeFiles/System.Globalization.Native.dir/build
make[2]: Entering directory '/home/david/git/coreclr/bin/obj/Linux.x64.Debug'
make[2]: Entering directory '/home/david/git/coreclr/bin/obj/Linux.x64.Debug'
[  0%] Generating Eventing Files
cd /home/david/git/coreclr/bin/obj/Linux.x64.Debug/src && /usr/bin/python -B -Wall -Werror /home/david/git/coreclr/src/scripts/genXplatEventing.py --inc /home/david/git/coreclr/bin/obj/Linux.x64.Debug/src/inc --man /home/david/git/coreclr/src/vm/ClrEtwAll.man --exc /home/david/git/coreclr/src/vm/ClrEtwAllMeta.lst --dummy /home/david/git/coreclr/bin/obj/Linux.x64.Debug/src/inc/etmdummy.h
[  0%] Building CXX object src/corefx/System.Globalization.Native/CMakeFiles/System.Globalization.Native.dir/calendarData.cpp.o
cd /home/david/git/coreclr/bin/obj/Linux.x64.Debug/src/corefx/System.Globalization.Native && /usr/bin/clang++   -DAMD64 -DBIT64=1 -DBUILDENV_CHECKED=1 -DDEBUG -DDISABLE_CONTRACTS -DLINUX64 -DPIC=1 -DPLATFORM_UNIX=1 -DSystem_Globalization_Native_EXPORTS -DURTBLDENV_FRIENDLY=Checked -D_AMD64_ -D_DBG -D_DEBUG -I/home/david/git/coreclr/bin/obj/Linux.x64.Debug/src/corefx/System.Globalization.Native -I/home/david/git/coreclr/src/corefx/System.Globalization.Native  -Wall -Wno-null-conversion -std=c++11 -g -O0 -fPIC   -fno-omit-frame-pointer -fms-extensions -fwrapv -fstack-protector-strong -ferror-limit=4096 -Werror -Wno-unused-private-field -Wno-unused-variable -Wno-microsoft -Wno-tautological-compare -Wno-constant-logical-operand -Wno-unknown-warning-option -Wno-invalid-offsetof -Wno-incompatible-ms-struct -fsigned-char -fPIC -o CMakeFiles/System.Globalization.Native.dir/calendarData.cpp.o -c /home/david/git/coreclr/src/corefx/System.Globalization.Native/calendarData.cpp
[  0%] Building CXX object src/corefx/System.Globalization.Native/CMakeFiles/System.Globalization.Native.dir/casing.cpp.o
cd /home/david/git/coreclr/bin/obj/Linux.x64.Debug/src/corefx/System.Globalization.Native && /usr/bin/clang++   -DAMD64 -DBIT64=1 -DBUILDENV_CHECKED=1 -DDEBUG -DDISABLE_CONTRACTS -DLINUX64 -DPIC=1 -DPLATFORM_UNIX=1 -DSystem_Globalization_Native_EXPORTS -DURTBLDENV_FRIENDLY=Checked -D_AMD64_ -D_DBG -D_DEBUG -I/home/david/git/coreclr/bin/obj/Linux.x64.Debug/src/corefx/System.Globalization.Native -I/home/david/git/coreclr/src/corefx/System.Globalization.Native  -Wall -Wno-null-conversion -std=c++11 -g -O0 -fPIC   -fno-omit-frame-pointer -fms-extensions -fwrapv -fstack-protector-strong -ferror-limit=4096 -Werror -Wno-unused-private-field -Wno-unused-variable -Wno-microsoft -Wno-tautological-compare -Wno-constant-logical-operand -Wno-unknown-warning-option -Wno-invalid-offsetof -Wno-incompatible-ms-struct -fsigned-char -fPIC -o CMakeFiles/System.Globalization.Native.dir/casing.cpp.o -c /home/david/git/coreclr/src/corefx/System.Globalization.Native/casing.cpp
[  0%] Building CXX object src/corefx/System.Globalization.Native/CMakeFiles/System.Globalization.Native.dir/collation.cpp.o
cd /home/david/git/coreclr/bin/obj/Linux.x64.Debug/src/corefx/System.Globalization.Native && /usr/bin/clang++   -DAMD64 -DBIT64=1 -DBUILDENV_CHECKED=1 -DDEBUG -DDISABLE_CONTRACTS -DLINUX64 -DPIC=1 -DPLATFORM_UNIX=1 -DSystem_Globalization_Native_EXPORTS -DURTBLDENV_FRIENDLY=Checked -D_AMD64_ -D_DBG -D_DEBUG -I/home/david/git/coreclr/bin/obj/Linux.x64.Debug/src/corefx/System.Globalization.Native -I/home/david/git/coreclr/src/corefx/System.Globalization.Native  -Wall -Wno-null-conversion -std=c++11 -g -O0 -fPIC   -fno-omit-frame-pointer -fms-extensions -fwrapv -fstack-protector-strong -ferror-limit=4096 -Werror -Wno-unused-private-field -Wno-unused-variable -Wno-microsoft -Wno-tautological-compare -Wno-constant-logical-operand -Wno-unknown-warning-option -Wno-invalid-offsetof -Wno-incompatible-ms-struct -fsigned-char -fPIC -o CMakeFiles/System.Globalization.Native.dir/collation.cpp.o -c /home/david/git/coreclr/src/corefx/System.Globalization.Native/collation.cpp
 Generating Dummy Event Headers
 Generating Event Headers
make[2]: Leaving directory '/home/david/git/coreclr/bin/obj/Linux.x64.Debug'
[  0%] Built target GeneratedEventingFiles
make -f src/pal/src/CMakeFiles/coreclrpal.dir/build.make src/pal/src/CMakeFiles/coreclrpal.dir/depend
make[2]: Entering directory '/home/david/git/coreclr/bin/obj/Linux.x64.Debug'
cd /home/david/git/coreclr/bin/obj/Linux.x64.Debug && /usr/bin/cmake -E cmake_depends "Unix Makefiles" /home/david/git/coreclr /home/david/git/coreclr/src/pal/src /home/david/git/coreclr/bin/obj/Linux.x64.Debug /home/david/git/coreclr/bin/obj/Linux.x64.Debug/src/pal/src /home/david/git/coreclr/bin/obj/Linux.x64.Debug/src/pal/src/CMakeFiles/coreclrpal.dir/DependInfo.cmake --color=
Dependee "/home/david/git/coreclr/bin/obj/Linux.x64.Debug/src/pal/src/CMakeFiles/coreclrpal.dir/DependInfo.cmake" is newer than depender "/home/david/git/coreclr/bin/obj/Linux.x64.Debug/src/pal/src/CMakeFiles/coreclrpal.dir/depend.internal".
Dependee "/home/david/git/coreclr/bin/obj/Linux.x64.Debug/src/pal/src/CMakeFiles/CMakeDirectoryInformation.cmake" is newer than depender "/home/david/git/coreclr/bin/obj/Linux.x64.Debug/src/pal/src/CMakeFiles/coreclrpal.dir/depend.internal".
Scanning dependencies of target coreclrpal
make[2]: Leaving directory '/home/david/git/coreclr/bin/obj/Linux.x64.Debug'
make -f src/pal/src/CMakeFiles/coreclrpal.dir/build.make src/pal/src/CMakeFiles/coreclrpal.dir/build
make[2]: Entering directory '/home/david/git/coreclr/bin/obj/Linux.x64.Debug'
[  0%] Building CXX object src/pal/src/CMakeFiles/coreclrpal.dir/cruntime/file.cpp.o
cd /home/david/git/coreclr/bin/obj/Linux.x64.Debug/src/pal/src && /usr/bin/clang++   -DAMD64 -DBIT64=1 -DBUILDENV_CHECKED=1 -DCORECLR=1 -DDEBUG -DDISABLE_CONTRACTS -DFEATURE_PAL=1 -DLINUX64 -DLP64COMPATIBLE=1 -DPIC=1 -DPLATFORM_UNIX=1 -DURTBLDENV_FRIENDLY=Checked -D_AMD64_ -D_DBG -D_DEBUG -D_FILE_OFFSET_BITS=64 -D_WIN64 -D_WIN64=1 -I/home/david/git/coreclr/bin/obj/Linux.x64.Debug/src/pal/src -I/home/david/git/coreclr/src/pal/src -I/home/david/git/coreclr/src/pal/inc -I/home/david/git/coreclr/src/pal/../inc -isystem /usr/local/include -I/home/david/git/coreclr/src/pal/src/include  -Wall -Wno-null-conversion -std=c++11 -g -O0   -fno-omit-frame-pointer -fms-extensions -fwrapv -fstack-protector-strong -ferror-limit=4096 -Werror -Wno-unused-private-field -Wno-unused-variable -Wno-microsoft -Wno-tautological-compare -Wno-constant-logical-operand -Wno-unknown-warning-option -Wno-invalid-offsetof -Wno-incompatible-ms-struct -fsigned-char -fexceptions -fPIC -o CMakeFiles/coreclrpal.dir/cruntime/file.cpp.o -c /home/david/git/coreclr/src/pal/src/cruntime/file.cpp
[  0%] Building CXX object src/corefx/System.Globalization.Native/CMakeFiles/System.Globalization.Native.dir/idna.cpp.o
cd /home/david/git/coreclr/bin/obj/Linux.x64.Debug/src/corefx/System.Globalization.Native && /usr/bin/clang++   -DAMD64 -DBIT64=1 -DBUILDENV_CHECKED=1 -DDEBUG -DDISABLE_CONTRACTS -DLINUX64 -DPIC=1 -DPLATFORM_UNIX=1 -DSystem_Globalization_Native_EXPORTS -DURTBLDENV_FRIENDLY=Checked -D_AMD64_ -D_DBG -D_DEBUG -I/home/david/git/coreclr/bin/obj/Linux.x64.Debug/src/corefx/System.Globalization.Native -I/home/david/git/coreclr/src/corefx/System.Globalization.Native  -Wall -Wno-null-conversion -std=c++11 -g -O0 -fPIC   -fno-omit-frame-pointer -fms-extensions -fwrapv -fstack-protector-strong -ferror-limit=4096 -Werror -Wno-unused-private-field -Wno-unused-variable -Wno-microsoft -Wno-tautological-compare -Wno-constant-logical-operand -Wno-unknown-warning-option -Wno-invalid-offsetof -Wno-incompatible-ms-struct -fsigned-char -fPIC -o CMakeFiles/System.Globalization.Native.dir/idna.cpp.o -c /home/david/git/coreclr/src/corefx/System.Globalization.Native/idna.cpp
[  0%] Building CXX object src/pal/src/CMakeFiles/coreclrpal.dir/cruntime/filecrt.cpp.o
cd /home/david/git/coreclr/bin/obj/Linux.x64.Debug/src/pal/src && /usr/bin/clang++   -DAMD64 -DBIT64=1 -DBUILDENV_CHECKED=1 -DCORECLR=1 -DDEBUG -DDISABLE_CONTRACTS -DFEATURE_PAL=1 -DLINUX64 -DLP64COMPATIBLE=1 -DPIC=1 -DPLATFORM_UNIX=1 -DURTBLDENV_FRIENDLY=Checked -D_AMD64_ -D_DBG -D_DEBUG -D_FILE_OFFSET_BITS=64 -D_WIN64 -D_WIN64=1 -I/home/david/git/coreclr/bin/obj/Linux.x64.Debug/src/pal/src -I/home/david/git/coreclr/src/pal/src -I/home/david/git/coreclr/src/pal/inc -I/home/david/git/coreclr/src/pal/../inc -isystem /usr/local/include -I/home/david/git/coreclr/src/pal/src/include  -Wall -Wno-null-conversion -std=c++11 -g -O0   -fno-omit-frame-pointer -fms-extensions -fwrapv -fstack-protector-strong -ferror-limit=4096 -Werror -Wno-unused-private-field -Wno-unused-variable -Wno-microsoft -Wno-tautological-compare -Wno-constant-logical-operand -Wno-unknown-warning-option -Wno-invalid-offsetof -Wno-incompatible-ms-struct -fsigned-char -fexceptions -fPIC -o CMakeFiles/coreclrpal.dir/cruntime/filecrt.cpp.o -c /home/david/git/coreclr/src/pal/src/cruntime/filecrt.cpp
[  0%] Building CXX object src/corefx/System.Globalization.Native/CMakeFiles/System.Globalization.Native.dir/locale.cpp.o
cd /home/david/git/coreclr/bin/obj/Linux.x64.Debug/src/corefx/System.Globalization.Native && /usr/bin/clang++   -DAMD64 -DBIT64=1 -DBUILDENV_CHECKED=1 -DDEBUG -DDISABLE_CONTRACTS -DLINUX64 -DPIC=1 -DPLATFORM_UNIX=1 -DSystem_Globalization_Native_EXPORTS -DURTBLDENV_FRIENDLY=Checked -D_AMD64_ -D_DBG -D_DEBUG -I/home/david/git/coreclr/bin/obj/Linux.x64.Debug/src/corefx/System.Globalization.Native -I/home/david/git/coreclr/src/corefx/System.Globalization.Native  -Wall -Wno-null-conversion -std=c++11 -g -O0 -fPIC   -fno-omit-frame-pointer -fms-extensions -fwrapv -fstack-protector-strong -ferror-limit=4096 -Werror -Wno-unused-private-field -Wno-unused-variable -Wno-microsoft -Wno-tautological-compare -Wno-constant-logical-operand -Wno-unknown-warning-option -Wno-invalid-offsetof -Wno-incompatible-ms-struct -fsigned-char -fPIC -o CMakeFiles/System.Globalization.Native.dir/locale.cpp.o -c /home/david/git/coreclr/src/corefx/System.Globalization.Native/locale.cpp
[  0%] Building CXX object src/pal/src/CMakeFiles/coreclrpal.dir/cruntime/finite.cpp.o
cd /home/david/git/coreclr/bin/obj/Linux.x64.Debug/src/pal/src && /usr/bin/clang++   -DAMD64 -DBIT64=1 -DBUILDENV_CHECKED=1 -DCORECLR=1 -DDEBUG -DDISABLE_CONTRACTS -DFEATURE_PAL=1 -DLINUX64 -DLP64COMPATIBLE=1 -DPIC=1 -DPLATFORM_UNIX=1 -DURTBLDENV_FRIENDLY=Checked -D_AMD64_ -D_DBG -D_DEBUG -D_FILE_OFFSET_BITS=64 -D_WIN64 -D_WIN64=1 -I/home/david/git/coreclr/bin/obj/Linux.x64.Debug/src/pal/src -I/home/david/git/coreclr/src/pal/src -I/home/david/git/coreclr/src/pal/inc -I/home/david/git/coreclr/src/pal/../inc -isystem /usr/local/include -I/home/david/git/coreclr/src/pal/src/include  -Wall -Wno-null-conversion -std=c++11 -g -O0   -fno-omit-frame-pointer -fms-extensions -fwrapv -fstack-protector-strong -ferror-limit=4096 -Werror -Wno-unused-private-field -Wno-unused-variable -Wno-microsoft -Wno-tautological-compare -Wno-constant-logical-operand -Wno-unknown-warning-option -Wno-invalid-offsetof -Wno-incompatible-ms-struct -fsigned-char -fexceptions -fPIC -o CMakeFiles/coreclrpal.dir/cruntime/finite.cpp.o -c /home/david/git/coreclr/src/pal/src/cruntime/finite.cpp
[  0%] Building CXX object src/corefx/System.Globalization.Native/CMakeFiles/System.Globalization.Native.dir/localeNumberData.cpp.o
cd /home/david/git/coreclr/bin/obj/Linux.x64.Debug/src/corefx/System.Globalization.Native && /usr/bin/clang++   -DAMD64 -DBIT64=1 -DBUILDENV_CHECKED=1 -DDEBUG -DDISABLE_CONTRACTS -DLINUX64 -DPIC=1 -DPLATFORM_UNIX=1 -DSystem_Globalization_Native_EXPORTS -DURTBLDENV_FRIENDLY=Checked -D_AMD64_ -D_DBG -D_DEBUG -I/home/david/git/coreclr/bin/obj/Linux.x64.Debug/src/corefx/System.Globalization.Native -I/home/david/git/coreclr/src/corefx/System.Globalization.Native  -Wall -Wno-null-conversion -std=c++11 -g -O0 -fPIC   -fno-omit-frame-pointer -fms-extensions -fwrapv -fstack-protector-strong -ferror-limit=4096 -Werror -Wno-unused-private-field -Wno-unused-variable -Wno-microsoft -Wno-tautological-compare -Wno-constant-logical-operand -Wno-unknown-warning-option -Wno-invalid-offsetof -Wno-incompatible-ms-struct -fsigned-char -fPIC -o CMakeFiles/System.Globalization.Native.dir/localeNumberData.cpp.o -c /home/david/git/coreclr/src/corefx/System.Globalization.Native/localeNumberData.cpp
[  0%] Building CXX object src/pal/src/CMakeFiles/coreclrpal.dir/cruntime/lstr.cpp.o
cd /home/david/git/coreclr/bin/obj/Linux.x64.Debug/src/pal/src && /usr/bin/clang++   -DAMD64 -DBIT64=1 -DBUILDENV_CHECKED=1 -DCORECLR=1 -DDEBUG -DDISABLE_CONTRACTS -DFEATURE_PAL=1 -DLINUX64 -DLP64COMPATIBLE=1 -DPIC=1 -DPLATFORM_UNIX=1 -DURTBLDENV_FRIENDLY=Checked -D_AMD64_ -D_DBG -D_DEBUG -D_FILE_OFFSET_BITS=64 -D_WIN64 -D_WIN64=1 -I/home/david/git/coreclr/bin/obj/Linux.x64.Debug/src/pal/src -I/home/david/git/coreclr/src/pal/src -I/home/david/git/coreclr/src/pal/inc -I/home/david/git/coreclr/src/pal/../inc -isystem /usr/local/include -I/home/david/git/coreclr/src/pal/src/include  -Wall -Wno-null-conversion -std=c++11 -g -O0   -fno-omit-frame-pointer -fms-extensions -fwrapv -fstack-protector-strong -ferror-limit=4096 -Werror -Wno-unused-private-field -Wno-unused-variable -Wno-microsoft -Wno-tautological-compare -Wno-constant-logical-operand -Wno-unknown-warning-option -Wno-invalid-offsetof -Wno-incompatible-ms-struct -fsigned-char -fexceptions -fPIC -o CMakeFiles/coreclrpal.dir/cruntime/lstr.cpp.o -c /home/david/git/coreclr/src/pal/src/cruntime/lstr.cpp
[  0%] Building CXX object src/pal/src/CMakeFiles/coreclrpal.dir/cruntime/malloc.cpp.o
cd /home/david/git/coreclr/bin/obj/Linux.x64.Debug/src/pal/src && /usr/bin/clang++   -DAMD64 -DBIT64=1 -DBUILDENV_CHECKED=1 -DCORECLR=1 -DDEBUG -DDISABLE_CONTRACTS -DFEATURE_PAL=1 -DLINUX64 -DLP64COMPATIBLE=1 -DPIC=1 -DPLATFORM_UNIX=1 -DURTBLDENV_FRIENDLY=Checked -D_AMD64_ -D_DBG -D_DEBUG -D_FILE_OFFSET_BITS=64 -D_WIN64 -D_WIN64=1 -I/home/david/git/coreclr/bin/obj/Linux.x64.Debug/src/pal/src -I/home/david/git/coreclr/src/pal/src -I/home/david/git/coreclr/src/pal/inc -I/home/david/git/coreclr/src/pal/../inc -isystem /usr/local/include -I/home/david/git/coreclr/src/pal/src/include  -Wall -Wno-null-conversion -std=c++11 -g -O0   -fno-omit-frame-pointer -fms-extensions -fwrapv -fstack-protector-strong -ferror-limit=4096 -Werror -Wno-unused-private-field -Wno-unused-variable -Wno-microsoft -Wno-tautological-compare -Wno-constant-logical-operand -Wno-unknown-warning-option -Wno-invalid-offsetof -Wno-incompatible-ms-struct -fsigned-char -fexceptions -fPIC -o CMakeFiles/coreclrpal.dir/cruntime/malloc.cpp.o -c /home/david/git/coreclr/src/pal/src/cruntime/malloc.cpp
[  0%] Building CXX object src/pal/src/CMakeFiles/coreclrpal.dir/cruntime/mbstring.cpp.o
cd /home/david/git/coreclr/bin/obj/Linux.x64.Debug/src/pal/src && /usr/bin/clang++   -DAMD64 -DBIT64=1 -DBUILDENV_CHECKED=1 -DCORECLR=1 -DDEBUG -DDISABLE_CONTRACTS -DFEATURE_PAL=1 -DLINUX64 -DLP64COMPATIBLE=1 -DPIC=1 -DPLATFORM_UNIX=1 -DURTBLDENV_FRIENDLY=Checked -D_AMD64_ -D_DBG -D_DEBUG -D_FILE_OFFSET_BITS=64 -D_WIN64 -D_WIN64=1 -I/home/david/git/coreclr/bin/obj/Linux.x64.Debug/src/pal/src -I/home/david/git/coreclr/src/pal/src -I/home/david/git/coreclr/src/pal/inc -I/home/david/git/coreclr/src/pal/../inc -isystem /usr/local/include -I/home/david/git/coreclr/src/pal/src/include  -Wall -Wno-null-conversion -std=c++11 -g -O0   -fno-omit-frame-pointer -fms-extensions -fwrapv -fstack-protector-strong -ferror-limit=4096 -Werror -Wno-unused-private-field -Wno-unused-variable -Wno-microsoft -Wno-tautological-compare -Wno-constant-logical-operand -Wno-unknown-warning-option -Wno-invalid-offsetof -Wno-incompatible-ms-struct -fsigned-char -fexceptions -fPIC -o CMakeFiles/coreclrpal.dir/cruntime/mbstring.cpp.o -c /home/david/git/coreclr/src/pal/src/cruntime/mbstring.cpp
[  0%] Building CXX object src/corefx/System.Globalization.Native/CMakeFiles/System.Globalization.Native.dir/localeStringData.cpp.o
cd /home/david/git/coreclr/bin/obj/Linux.x64.Debug/src/corefx/System.Globalization.Native && /usr/bin/clang++   -DAMD64 -DBIT64=1 -DBUILDENV_CHECKED=1 -DDEBUG -DDISABLE_CONTRACTS -DLINUX64 -DPIC=1 -DPLATFORM_UNIX=1 -DSystem_Globalization_Native_EXPORTS -DURTBLDENV_FRIENDLY=Checked -D_AMD64_ -D_DBG -D_DEBUG -I/home/david/git/coreclr/bin/obj/Linux.x64.Debug/src/corefx/System.Globalization.Native -I/home/david/git/coreclr/src/corefx/System.Globalization.Native  -Wall -Wno-null-conversion -std=c++11 -g -O0 -fPIC   -fno-omit-frame-pointer -fms-extensions -fwrapv -fstack-protector-strong -ferror-limit=4096 -Werror -Wno-unused-private-field -Wno-unused-variable -Wno-microsoft -Wno-tautological-compare -Wno-constant-logical-operand -Wno-unknown-warning-option -Wno-invalid-offsetof -Wno-incompatible-ms-struct -fsigned-char -fPIC -o CMakeFiles/System.Globalization.Native.dir/localeStringData.cpp.o -c /home/david/git/coreclr/src/corefx/System.Globalization.Native/localeStringData.cpp
src/pal/src/CMakeFiles/coreclrpal.dir/build.make:182: recipe for target 'src/pal/src/CMakeFiles/coreclrpal.dir/cruntime/mbstring.cpp.o' failed
make[2]: Leaving directory '/home/david/git/coreclr/bin/obj/Linux.x64.Debug'
CMakeFiles/Makefile2:241: recipe for target 'src/pal/src/CMakeFiles/coreclrpal.dir/all' failed
[  0%] Building CXX object src/corefx/System.Globalization.Native/CMakeFiles/System.Globalization.Native.dir/normalization.cpp.o
cd /home/david/git/coreclr/bin/obj/Linux.x64.Debug/src/corefx/System.Globalization.Native && /usr/bin/clang++   -DAMD64 -DBIT64=1 -DBUILDENV_CHECKED=1 -DDEBUG -DDISABLE_CONTRACTS -DLINUX64 -DPIC=1 -DPLATFORM_UNIX=1 -DSystem_Globalization_Native_EXPORTS -DURTBLDENV_FRIENDLY=Checked -D_AMD64_ -D_DBG -D_DEBUG -I/home/david/git/coreclr/bin/obj/Linux.x64.Debug/src/corefx/System.Globalization.Native -I/home/david/git/coreclr/src/corefx/System.Globalization.Native  -Wall -Wno-null-conversion -std=c++11 -g -O0 -fPIC   -fno-omit-frame-pointer -fms-extensions -fwrapv -fstack-protector-strong -ferror-limit=4096 -Werror -Wno-unused-private-field -Wno-unused-variable -Wno-microsoft -Wno-tautological-compare -Wno-constant-logical-operand -Wno-unknown-warning-option -Wno-invalid-offsetof -Wno-incompatible-ms-struct -fsigned-char -fPIC -o CMakeFiles/System.Globalization.Native.dir/normalization.cpp.o -c /home/david/git/coreclr/src/corefx/System.Globalization.Native/normalization.cpp
[  0%] Building CXX object src/corefx/System.Globalization.Native/CMakeFiles/System.Globalization.Native.dir/timeZoneInfo.cpp.o
cd /home/david/git/coreclr/bin/obj/Linux.x64.Debug/src/corefx/System.Globalization.Native && /usr/bin/clang++   -DAMD64 -DBIT64=1 -DBUILDENV_CHECKED=1 -DDEBUG -DDISABLE_CONTRACTS -DLINUX64 -DPIC=1 -DPLATFORM_UNIX=1 -DSystem_Globalization_Native_EXPORTS -DURTBLDENV_FRIENDLY=Checked -D_AMD64_ -D_DBG -D_DEBUG -I/home/david/git/coreclr/bin/obj/Linux.x64.Debug/src/corefx/System.Globalization.Native -I/home/david/git/coreclr/src/corefx/System.Globalization.Native  -Wall -Wno-null-conversion -std=c++11 -g -O0 -fPIC   -fno-omit-frame-pointer -fms-extensions -fwrapv -fstack-protector-strong -ferror-limit=4096 -Werror -Wno-unused-private-field -Wno-unused-variable -Wno-microsoft -Wno-tautological-compare -Wno-constant-logical-operand -Wno-unknown-warning-option -Wno-invalid-offsetof -Wno-incompatible-ms-struct -fsigned-char -fPIC -o CMakeFiles/System.Globalization.Native.dir/timeZoneInfo.cpp.o -c /home/david/git/coreclr/src/corefx/System.Globalization.Native/timeZoneInfo.cpp
[  0%] Building CXX object src/corefx/System.Globalization.Native/CMakeFiles/System.Globalization.Native.dir/__/__/__/version.cpp.o
cd /home/david/git/coreclr/bin/obj/Linux.x64.Debug/src/corefx/System.Globalization.Native && /usr/bin/clang++   -DAMD64 -DBIT64=1 -DBUILDENV_CHECKED=1 -DDEBUG -DDISABLE_CONTRACTS -DLINUX64 -DPIC=1 -DPLATFORM_UNIX=1 -DSystem_Globalization_Native_EXPORTS -DURTBLDENV_FRIENDLY=Checked -D_AMD64_ -D_DBG -D_DEBUG -I/home/david/git/coreclr/bin/obj/Linux.x64.Debug/src/corefx/System.Globalization.Native -I/home/david/git/coreclr/src/corefx/System.Globalization.Native  -Wall -Wno-null-conversion -std=c++11 -g -O0 -fPIC   -fno-omit-frame-pointer -fms-extensions -fwrapv -fstack-protector-strong -ferror-limit=4096 -Werror -Wno-unused-private-field -Wno-unused-variable -Wno-microsoft -Wno-tautological-compare -Wno-constant-logical-operand -Wno-unknown-warning-option -Wno-invalid-offsetof -Wno-incompatible-ms-struct -fsigned-char -fPIC -o CMakeFiles/System.Globalization.Native.dir/__/__/__/version.cpp.o -c /home/david/git/coreclr/bin/obj/Linux.x64.Debug/version.cpp
[  0%] Linking CXX shared library System.Globalization.Native.so
cd /home/david/git/coreclr/bin/obj/Linux.x64.Debug/src/corefx/System.Globalization.Native && /usr/bin/cmake -E cmake_link_script CMakeFiles/System.Globalization.Native.dir/link.txt --verbose=1
/usr/bin/clang++  -fPIC  -Wall -Wno-null-conversion -std=c++11 -g -O0  -shared -Wl,-soname,System.Globalization.Native.so -o System.Globalization.Native.so CMakeFiles/System.Globalization.Native.dir/calendarData.cpp.o CMakeFiles/System.Globalization.Native.dir/casing.cpp.o CMakeFiles/System.Globalization.Native.dir/collation.cpp.o CMakeFiles/System.Globalization.Native.dir/idna.cpp.o CMakeFiles/System.Globalization.Native.dir/locale.cpp.o CMakeFiles/System.Globalization.Native.dir/localeNumberData.cpp.o CMakeFiles/System.Globalization.Native.dir/localeStringData.cpp.o CMakeFiles/System.Globalization.Native.dir/normalization.cpp.o CMakeFiles/System.Globalization.Native.dir/timeZoneInfo.cpp.o CMakeFiles/System.Globalization.Native.dir/__/__/__/version.cpp.o -licuuc -licui18n  
make[2]: Leaving directory '/home/david/git/coreclr/bin/obj/Linux.x64.Debug'
[  0%] Built target System.Globalization.Native
make[1]: Leaving directory '/home/david/git/coreclr/bin/obj/Linux.x64.Debug'
Makefile:127: recipe for target 'all' failed
Failed to build coreclr components.
